  0.627684222262589       0.642355645481835       0.657369996962846     
  0.672735292273775       0.688459734337802       0.704551717812342     
  0.721019833570630       0.737872873288042       0.755119834135627     
  0.772769923583336       0.790832564315529       0.809317399261372     
  0.828234296742818       0.847593355742910       0.867404911297229     
  0.887679540011362       0.908428065707335       0.929661565202017     
  0.951391374220602       0.973629093448296       0.996386594723475     
   1.01967602737558        1.04350982471115        1.06790071065153     
   1.09286170652557        1.11840613802131        1.14454764229995     
   1.17130017527624        1.19867801906895        1.22669578962557     
   1.25536844452518        1.28471129096367        1.31473999392569     
   1.34547058454755        1.37691946867560        1.40910343562468     
   1.44203966714126        1.47574574657608        1.51023966827125     
   1.54553984716667        1.58166512863106        1.61863479852274     
   1.65646859348564        1.69518671148582        1.73480982259446     
   1.77535908002272        1.81685613141467        1.85932313040403     
   1.90278274844120        1.94725818689659        1.99277318944695     
   2.03935205475115        2.08701964942231        2.13580142130305     
   2.18572341305115        2.23681227604263        2.28909528459991     
   2.34260035055247        2.39735603813789        2.45339157925114     
   2.51073688905036        2.56942258192734        2.62947998785138     
   2.69094116909510        2.75383893735121        2.81820687124936     
   2.88407933428252        2.95149149315217        3.02047933654251     
   3.09107969433334        3.16333025726211        3.23726959704549     
   3.31293718697127        3.39037342297164        3.46961964518891     
   3.55071816004545        3.63371226282933        3.71864626080806     
   3.80556549688241        3.89451637379319        3.98554637889390     
   4.07870410950230        4.17403929884461        4.27160284260610     
   4.37144682610229        4.47362455208525        4.57819056919981     
   4.68520070110494        4.79471207627578        4.90678315850228     
   5.02147377810071        5.13884516385467        5.25895997570276     
   5.38188233819020        5.50767787470241        5.63641374249873     
   5.76815866856504        5.90298298630433        6.04095867308501     
   6.18215938866668        6.32666051452422        6.47453919409097     
   6.62587437394254        6.78074684594327        6.93923929037782     
   7.10143632009089        7.26742452565867        7.43729252161613     
   7.61113099376481        7.78903274758637        7.97109275778780     
   8.15740821900460        8.34807859768923        8.54320568521220     
   8.74289365220459        8.94724910417050        9.15638113839962     
   9.37040140220988        9.58942415255157        9.81356631700457     
   10.0429475562014        10.2776903277094        10.5179199514055     
   10.7637646763804        11.0153557494048        11.2728274849975     
   11.5363173371301        11.8059659726087        12.0819173461700     
   12.3643187773334        12.6533210290484        12.9490783881819     
   13.2517487478851        13.5614936918866        13.8784785807556     
   14.2028726401818        14.5348490513173        14.8745850432323     
   15.2222619875296        15.5780654951727        15.9421855155756     
   16.3148164380092        16.6961571953785        17.0864113704244     
   17.4857873044092        17.8944982083410        18.3127622767992     
   18.7408028044198        19.1788483051031        19.6271326340091     
   20.0858951124028        20.5553806554187        21.0358399028111     
   21.5275293527608        22.0307114988096        22.5456549699949     
   23.0726346742601        23.6119319452173        24.1638346923401     
   24.7286375546667        25.3066420580969        25.8981567763639     
   26.5034974957702        27.1229873837731        27.7569571615113     
   28.4057452803636        29.0696981026347        29.7491700864645     
   30.4445239750592        31.1561309903455        31.8843710311512     
   32.6296328760184        33.3923143907569        34.1728227408488     
   34.9715746088183        35.7889964166820        36.6255245535985     
   37.4816056088395        38.3576966102063        39.2542652680183     
   40.1717902248057        41.1107613108374        42.0716798056221     
   43.0550587055216        44.0614229976193        45.0913099399898     
   46.1452693485203        47.2238638904347        48.3276693846801     
   49.4572751093335        50.6132841161938        51.7963135527278     
   53.0069949915404        54.2459747675462        55.5139143230226     
   56.8114905607272        58.1393962052694        59.4983401729290     
   60.8890479501184        62.3122619806910        63.7687420623024     
   65.2592657520369        66.7846287815138        68.3456454816976     
   69.9431492176367        71.5779928333640        73.2510491071970     
   74.9632112176791        76.7153932204125        78.5085305360366     
   80.3435804496114        82.2215226216748        84.1433596112442     
   86.1101174110432        88.1228459952385        90.1826198799797     
   92.2905386970406        94.4477277808693        96.6553387693602     
   98.9145502186669        101.226568232388        103.592627105456     
   106.013989983081        108.491949535092        111.027828646045     
   113.622981121454        116.278792410539        118.996680345858     
   121.778095900237        124.624523961382        127.537484124605     
   130.518531504074        133.569257563028        136.691290963395     
   139.886298435273        143.155985666728        146.502098214394     
   149.926422435358        153.430786440825        157.017061072073     
   160.687160899223        164.443045243350        168.286719222488     
   172.220234822086        176.245691990477        180.365239759959     
   184.581077394081        188.895455561739        193.310677538720     
   197.829100437334        202.453136464775        207.185254210911     
   212.027979966161        216.983899070185        222.055657292090     
   227.245962242909        232.557584821077        237.993360691716     
   243.556191800474        249.249047922764        255.074968249210     
   261.037063008147        267.138515126055        273.382581926790     
   279.772596870547        286.311971333456        293.004196428788     
   299.852844870716        306.861572881650        314.034122144146     
   321.374321798446        328.886090486699        336.573438444977     
   344.440469644173        352.491383980954        360.730479519919     
   369.162154788162        377.790911123477        386.621355077441     
   395.658200874668        404.906272929550        414.370508421822     
   424.055959932323        433.967798140370        444.111314584181     
   454.491924485817        465.115169642155        475.986721383432     
   487.112383600948        498.498095845528        510.149936498419     
   522.074126016295        534.277030252110        546.765163853581     
   559.545193741093        572.623942666912        586.008392857576     
   599.705689741433        613.723145763300        628.068244288293     
   642.748643596891        657.772180973398        673.146876889954     
   688.880939288346        704.982767961909        721.460959039838     
   738.324309576324        755.581822246955        773.242710154881     
   791.316401749335        809.812545859101        828.741016843645     
   848.111919864645        867.935596280739        888.222629168361     
   908.983848971634        930.230339284310        951.973442766865     
   974.224767201895        996.996191691056        1020.29987299684     
   1044.14825203259        1068.55406050422        1093.53032770716     
   1119.09038748219        1145.24788533382        1172.01678571515     
   1199.41137948287        1227.44629152660        1256.13648857659     
   1285.49728719378        1315.54436194680        1346.29375377991     
   1377.76187857669        1409.96553592382        1442.92191807968     
   1476.64861915265        1511.16364449391        1546.48542030976     
   1582.63280349867        1619.62509171820        1657.48203368729     
   1696.22383972929        1735.87119256148        1776.44525833672     
   1817.96769794327        1860.46067856862        1903.94688553373     
   1948.44953440379        1993.99238338211        2040.59974599368     
   2088.29650406518        2137.10812100844        2187.06065541432     
   2238.18077496437        2290.49577066765        2344.03357143030     
   2398.82275896573        2454.89258305320        2512.27297715317     
   2570.99457438756        2631.08872389359        2692.58750755982     
   2755.52375715338        2819.93107184763        2885.84383615935     
   2953.29723830530        3022.32728898782        3092.97084061953     
   3165.26560699734        3239.25018343640        3314.96406737458     
   3392.44767945858        3471.74238512296        3552.89051667345     
   3635.93539588654        3720.92135713724        3807.89377106746     
   3896.89906880758        3987.98476676422        4081.19949198735     
   4176.59300813036        4274.21624201688        4374.12131082865     
   4476.36154992875        4580.99154133530        4688.06714286061     
   4797.64551793146        4909.78516610640        5024.54595430634     
   5141.98914877513        5262.17744778719        5385.17501511963     
   5511.04751430677        5639.86214369527        5771.68767231870     
   5906.59447661060        6044.65457797564        6185.94168123905     
   6330.53121399468         0.0                     0.0
